19-Nov-2019 12:23:43.697 INFO [main] org.apache.catalina.startup.VersionLoggerListener.log Server version:        Apache Tomcat/8.5.24
19-Nov-2019 12:23:43.700 INFO [main] org.apache.catalina.startup.VersionLoggerListener.log Server built:          Nov 27 2017 13:05:30 UTC
19-Nov-2019 12:23:43.702 INFO [main] org.apache.catalina.startup.VersionLoggerListener.log Server number:         8.5.24.0
19-Nov-2019 12:23:43.702 INFO [main] org.apache.catalina.startup.VersionLoggerListener.log OS Name:               Windows 10
19-Nov-2019 12:23:43.702 INFO [main] org.apache.catalina.startup.VersionLoggerListener.log OS Version:            10.0
19-Nov-2019 12:23:43.702 INFO [main] org.apache.catalina.startup.VersionLoggerListener.log Architecture:          amd64
19-Nov-2019 12:23:43.702 INFO [main] org.apache.catalina.startup.VersionLoggerListener.log Java Home:             C:\Program Files\Java\jdk1.8.0_231\jre
19-Nov-2019 12:23:43.702 INFO [main] org.apache.catalina.startup.VersionLoggerListener.log JVM Version:           1.8.0_231-b11
19-Nov-2019 12:23:43.703 INFO [main] org.apache.catalina.startup.VersionLoggerListener.log JVM Vendor:            Oracle Corporation
19-Nov-2019 12:23:43.703 INFO [main] org.apache.catalina.startup.VersionLoggerListener.log CATALINA_BASE:         C:\00 Courses\Web Security\Web Security Training - Deliverbale\Tools\ECAS EU Login\Tomcat Fully Configuring With Client\tomcat-8.5.24
19-Nov-2019 12:23:43.703 INFO [main] org.apache.catalina.startup.VersionLoggerListener.log CATALINA_HOME:         C:\00 Courses\Web Security\Web Security Training - Deliverbale\Tools\ECAS EU Login\Tomcat Fully Configuring With Client\tomcat-8.5.24
19-Nov-2019 12:23:43.703 INFO [main] org.apache.catalina.startup.VersionLoggerListener.log Command line argument: -Djava.util.logging.config.file=C:\00 Courses\Web Security\Web Security Training - Deliverbale\Tools\ECAS EU Login\Tomcat Fully Configuring With Client\tomcat-8.5.24\conf\logging.properties
19-Nov-2019 12:23:43.703 INFO [main] org.apache.catalina.startup.VersionLoggerListener.log Command line argument: -Djava.util.logging.manager=org.apache.juli.ClassLoaderLogManager
19-Nov-2019 12:23:43.703 INFO [main] org.apache.catalina.startup.VersionLoggerListener.log Command line argument: -Djdk.tls.ephemeralDHKeySize=2048
19-Nov-2019 12:23:43.704 INFO [main] org.apache.catalina.startup.VersionLoggerListener.log Command line argument: -Djava.protocol.handler.pkgs=org.apache.catalina.webresources
19-Nov-2019 12:23:43.704 INFO [main] org.apache.catalina.startup.VersionLoggerListener.log Command line argument: -Dignore.endorsed.dirs=
19-Nov-2019 12:23:43.704 INFO [main] org.apache.catalina.startup.VersionLoggerListener.log Command line argument: -Dcatalina.base=C:\00 Courses\Web Security\Web Security Training - Deliverbale\Tools\ECAS EU Login\Tomcat Fully Configuring With Client\tomcat-8.5.24
19-Nov-2019 12:23:43.705 INFO [main] org.apache.catalina.startup.VersionLoggerListener.log Command line argument: -Dcatalina.home=C:\00 Courses\Web Security\Web Security Training - Deliverbale\Tools\ECAS EU Login\Tomcat Fully Configuring With Client\tomcat-8.5.24
19-Nov-2019 12:23:43.706 INFO [main] org.apache.catalina.startup.VersionLoggerListener.log Command line argument: -Djava.io.tmpdir=C:\00 Courses\Web Security\Web Security Training - Deliverbale\Tools\ECAS EU Login\Tomcat Fully Configuring With Client\tomcat-8.5.24\temp
19-Nov-2019 12:23:44.108 INFO [main] org.apache.coyote.AbstractProtocol.init Initializing ProtocolHandler ["http-nio-8080"]
19-Nov-2019 12:23:44.479 INFO [main] org.apache.tomcat.util.net.NioSelectorPool.getSharedSelector Using a shared selector for servlet write/read
19-Nov-2019 12:23:44.485 INFO [main] org.apache.coyote.AbstractProtocol.init Initializing ProtocolHandler ["ajp-nio-8009"]
19-Nov-2019 12:23:44.487 INFO [main] org.apache.tomcat.util.net.NioSelectorPool.getSharedSelector Using a shared selector for servlet write/read
19-Nov-2019 12:23:44.487 INFO [main] org.apache.catalina.startup.Catalina.load Initialization processed in 1151 ms
19-Nov-2019 12:23:44.522 INFO [main] org.apache.catalina.core.StandardService.startInternal Starting service [Catalina]
19-Nov-2019 12:23:44.522 INFO [main] org.apache.catalina.core.StandardEngine.startInternal Starting Servlet Engine: Apache Tomcat/8.5.24
19-Nov-2019 12:23:44.545 INFO [localhost-startStop-1] org.apache.catalina.startup.HostConfig.deployWAR Deploying web application archive [C:\00 Courses\Web Security\Web Security Training - Deliverbale\Tools\ECAS EU Login\Tomcat Fully Configuring With Client\tomcat-8.5.24\webapps\mywebapp.war]
19-Nov-2019 12:24:05.766 INFO [localhost-startStop-1] org.apache.catalina.startup.HostConfig.deployWAR Deployment of web application archive [C:\00 Courses\Web Security\Web Security Training - Deliverbale\Tools\ECAS EU Login\Tomcat Fully Configuring With Client\tomcat-8.5.24\webapps\mywebapp.war] has finished in [21,220] ms
19-Nov-2019 12:24:05.769 INFO [main] org.apache.coyote.AbstractProtocol.start Starting ProtocolHandler ["http-nio-8080"]
19-Nov-2019 12:24:05.780 INFO [main] org.apache.coyote.AbstractProtocol.start Starting ProtocolHandler ["ajp-nio-8009"]
19-Nov-2019 12:24:05.785 INFO [main] org.apache.catalina.startup.Catalina.start Server startup in 21297 ms
19-Nov-2019 13:41:50.398 INFO [Thread-5] org.apache.coyote.AbstractProtocol.pause Pausing ProtocolHandler ["http-nio-8080"]
19-Nov-2019 13:41:50.714 INFO [Thread-5] org.apache.coyote.AbstractProtocol.pause Pausing ProtocolHandler ["ajp-nio-8009"]
19-Nov-2019 13:41:51.029 INFO [Thread-5] org.apache.catalina.core.StandardService.stopInternal Stopping service [Catalina]
19-Nov-2019 13:41:51.066 INFO [Thread-5] org.apache.coyote.AbstractProtocol.stop Stopping ProtocolHandler ["http-nio-8080"]
19-Nov-2019 13:41:51.070 INFO [Thread-5] org.apache.coyote.AbstractProtocol.stop Stopping ProtocolHandler ["ajp-nio-8009"]
19-Nov-2019 13:41:51.073 INFO [Thread-5] org.apache.coyote.AbstractProtocol.destroy Destroying ProtocolHandler ["http-nio-8080"]
19-Nov-2019 13:41:51.077 INFO [Thread-5] org.apache.coyote.AbstractProtocol.destroy Destroying ProtocolHandler ["ajp-nio-8009"]
