2018-07-03 14:52:20,869 [http-nio-8080-exec-5] ERROR EmbeddedSSLSocketFactory -  - The configured ECAS host "ecas.cc.cec.eu.int" cannot be resolved: java.net.UnknownHostException: ecas.cc.cec.eu.int
java.net.UnknownHostException: ecas.cc.cec.eu.int
	at java.net.Inet6AddressImpl.lookupAllHostAddr(Native Method)
	at java.net.InetAddress$2.lookupAllHostAddr(InetAddress.java:928)
	at java.net.InetAddress.getAddressesFromNameService(InetAddress.java:1323)
	at java.net.InetAddress.getAllByName0(InetAddress.java:1276)
	at java.net.InetAddress.getAllByName(InetAddress.java:1192)
	at java.net.InetAddress.getAllByName(InetAddress.java:1126)
	at java.net.InetAddress.getByName(InetAddress.java:1076)
	at eu.cec.digit.ecas.util.httpclient.protocol.EmbeddedSSLSocketFactory.initKeyManagersAndLocalAddress(EmbeddedSSLSocketFactory.java:163)
	at eu.cec.digit.ecas.util.httpclient.protocol.EmbeddedSSLSocketFactory.<init>(EmbeddedSSLSocketFactory.java:70)
	at eu.cec.digit.ecas.util.httpclient.JavaNetHttpClient$JavaNetBuilder.newEmbeddedSSLSocketFactory(JavaNetHttpClient.java:148)
	at eu.cec.digit.ecas.util.httpclient.JavaNetHttpClient$JavaNetBuilder.validate(JavaNetHttpClient.java:165)
	at eu.cec.digit.ecas.util.httpclient.JavaNetHttpClient$JavaNetBuilder.validate(JavaNetHttpClient.java:56)
	at eu.cec.digit.ecas.util.httpclient.JDKHttpClient$JDKHttpBuilder.build(JDKHttpClient.java:126)
	at eu.cec.digit.ecas.util.httpclient.BouncyCastleSecureURL.newHttpClient(BouncyCastleSecureURL.java:56)
	at eu.cec.digit.ecas.util.httpclient.Java5SecureURL.<init>(Java5SecureURL.java:108)
	at eu.cec.digit.ecas.util.httpclient.BouncyCastleSecureURL.<init>(BouncyCastleSecureURL.java:44)
	at eu.cec.digit.ecas.client.resolver.BouncyCastleSecureURLInstantiator.newSecureURL(BouncyCastleSecureURLInstantiator.java:45)
	at eu.cec.digit.ecas.util.SecureURLFactory.getSecureURL(SecureURLFactory.java:72)
	at eu.cec.digit.ecas.client.http.TransactionIdNegotiator$Builder.build(TransactionIdNegotiator.java:84)
	at eu.cec.digit.ecas.client.http.TransactionIdLocationEngine.setConfiguration(TransactionIdLocationEngine.java:103)
	at eu.cec.digit.ecas.client.http.LocationBasedHttpRedirector.setConfiguration(LocationBasedHttpRedirector.java:87)
	at eu.cec.digit.ecas.client.configuration.ReadOnlyConfigurationHelper.configureComponents(ReadOnlyConfigurationHelper.java:211)
	at eu.cec.digit.ecas.client.configuration.BackEndReadOnlyConfigurationHelper.innerConfigure(BackEndReadOnlyConfigurationHelper.java:238)
	at eu.cec.digit.ecas.client.configuration.ReadOnlyConfigurationHelper.innerConfigure(ReadOnlyConfigurationHelper.java:228)
	at eu.cec.digit.ecas.client.configuration.BackEndReadOnlyConfigurationHelper.configure(BackEndReadOnlyConfigurationHelper.java:134)
	at eu.cec.digit.ecas.client.configuration.BackEndReadOnlyConfigurationHelper.configure(BackEndReadOnlyConfigurationHelper.java:116)
	at eu.cec.digit.ecas.client.Client.setConfigurator(Client.java:546)
	at eu.cec.digit.ecas.client.Client.setConfigurationResource(Client.java:597)
	at eu.cec.digit.ecas.client.Client.doInit(Client.java:1451)
	at eu.cec.digit.ecas.client.j2ee.tomcat.TomcatClient.<init>(TomcatClient.java:78)
	at eu.cec.digit.ecas.client.j2ee.tomcat.EcasAuthenticator.getClient(EcasAuthenticator.java:631)
	at eu.cec.digit.ecas.client.j2ee.tomcat.EcasAuthenticator.startInternal(EcasAuthenticator.java:609)
	at org.apache.catalina.util.LifecycleBase.start(LifecycleBase.java:150)
	at org.apache.catalina.core.StandardPipeline.startInternal(StandardPipeline.java:182)
	at org.apache.catalina.util.LifecycleBase.start(LifecycleBase.java:150)
	at org.apache.catalina.core.StandardContext.startInternal(StandardContext.java:5117)
	at org.apache.catalina.util.LifecycleBase.start(LifecycleBase.java:150)
	at org.apache.catalina.core.ContainerBase.addChildInternal(ContainerBase.java:752)
	at org.apache.catalina.core.ContainerBase.addChild(ContainerBase.java:728)
	at org.apache.catalina.core.StandardHost.addChild(StandardHost.java:734)
	at org.apache.catalina.startup.HostConfig.deployWAR(HostConfig.java:986)
	at org.apache.catalina.startup.HostConfig.deployApps(HostConfig.java:507)
	at org.apache.catalina.startup.HostConfig.check(HostConfig.java:1651)
	at sun.reflect.NativeMethodAccessorImpl.invoke0(Native Method)
	at sun.reflect.NativeMethodAccessorImpl.invoke(NativeMethodAccessorImpl.java:62)
	at sun.reflect.DelegatingMethodAccessorImpl.invoke(DelegatingMethodAccessorImpl.java:43)
	at java.lang.reflect.Method.invoke(Method.java:498)
	at org.apache.tomcat.util.modeler.BaseModelMBean.invoke(BaseModelMBean.java:300)
	at com.sun.jmx.interceptor.DefaultMBeanServerInterceptor.invoke(DefaultMBeanServerInterceptor.java:819)
	at com.sun.jmx.mbeanserver.JmxMBeanServer.invoke(JmxMBeanServer.java:801)
	at org.apache.catalina.manager.ManagerServlet.check(ManagerServlet.java:1485)
	at org.apache.catalina.manager.HTMLManagerServlet.upload(HTMLManagerServlet.java:279)
	at org.apache.catalina.manager.HTMLManagerServlet.doPost(HTMLManagerServlet.java:200)
	at javax.servlet.http.HttpServlet.service(HttpServlet.java:661)
	at javax.servlet.http.HttpServlet.service(HttpServlet.java:742)
	at org.apache.catalina.core.ApplicationFilterChain.internalDoFilter(ApplicationFilterChain.java:231)
	at org.apache.catalina.core.ApplicationFilterChain.doFilter(ApplicationFilterChain.java:166)
	at org.apache.catalina.filters.CsrfPreventionFilter.doFilter(CsrfPreventionFilter.java:136)
	at org.apache.catalina.core.ApplicationFilterChain.internalDoFilter(ApplicationFilterChain.java:193)
	at org.apache.catalina.core.ApplicationFilterChain.doFilter(ApplicationFilterChain.java:166)
	at org.apache.tomcat.websocket.server.WsFilter.doFilter(WsFilter.java:52)
	at org.apache.catalina.core.ApplicationFilterChain.internalDoFilter(ApplicationFilterChain.java:193)
	at org.apache.catalina.core.ApplicationFilterChain.doFilter(ApplicationFilterChain.java:166)
	at org.apache.catalina.filters.SetCharacterEncodingFilter.doFilter(SetCharacterEncodingFilter.java:108)
	at org.apache.catalina.core.ApplicationFilterChain.internalDoFilter(ApplicationFilterChain.java:193)
	at org.apache.catalina.core.ApplicationFilterChain.doFilter(ApplicationFilterChain.java:166)
	at org.apache.catalina.core.StandardWrapperValve.invoke(StandardWrapperValve.java:198)
	at org.apache.catalina.core.StandardContextValve.invoke(StandardContextValve.java:96)
	at org.apache.catalina.authenticator.AuthenticatorBase.invoke(AuthenticatorBase.java:621)
	at org.apache.catalina.valves.RequestFilterValve.process(RequestFilterValve.java:348)
	at org.apache.catalina.valves.RemoteAddrValve.invoke(RemoteAddrValve.java:52)
	at org.apache.catalina.core.StandardHostValve.invoke(StandardHostValve.java:140)
	at org.apache.catalina.valves.ErrorReportValve.invoke(ErrorReportValve.java:81)
	at org.apache.catalina.valves.AbstractAccessLogValve.invoke(AbstractAccessLogValve.java:650)
	at org.apache.catalina.core.StandardEngineValve.invoke(StandardEngineValve.java:87)
	at org.apache.catalina.connector.CoyoteAdapter.service(CoyoteAdapter.java:342)
	at org.apache.coyote.http11.Http11Processor.service(Http11Processor.java:803)
	at org.apache.coyote.AbstractProcessorLight.process(AbstractProcessorLight.java:66)
	at org.apache.coyote.AbstractProtocol$ConnectionHandler.process(AbstractProtocol.java:790)
	at org.apache.tomcat.util.net.NioEndpoint$SocketProcessor.doRun(NioEndpoint.java:1459)
	at org.apache.tomcat.util.net.SocketProcessorBase.run(SocketProcessorBase.java:49)
	at java.util.concurrent.ThreadPoolExecutor.runWorker(ThreadPoolExecutor.java:1149)
	at java.util.concurrent.ThreadPoolExecutor$Worker.run(ThreadPoolExecutor.java:624)
	at org.apache.tomcat.util.threads.TaskThread$WrappingRunnable.run(TaskThread.java:61)
	at java.lang.Thread.run(Thread.java:748)
